<?xml version="1.0" encoding="UTF-8"?>
<testng-results skipped="0" failed="0" ignored="0" total="1" passed="1">
  <reporter-output>
  </reporter-output>
  <suite name="Default suite" duration-ms="34203" started-at="2021-03-23T18:06:02Z" finished-at="2021-03-23T18:06:36Z">
    <groups>
    </groups>
    <test name="Default test" duration-ms="34203" started-at="2021-03-23T18:06:02Z" finished-at="2021-03-23T18:06:36Z">
      <class name="org.hotel.Hotel">
        <test-method status="PASS" signature="launch()[pri:0, instance:org.hotel.Hotel@343f4d3d]" name="launch" is-config="true" duration-ms="13513" started-at="2021-03-23T18:06:02Z" finished-at="2021-03-23T18:06:15Z">
          <reporter-output>
          </reporter-output>
        </test-method> <!-- launch -->
        <test-method status="PASS" signature="test(java.lang.String, java.lang.String, java.lang.String, java.lang.String, java.lang.String, java.lang.String, java.lang.String, java.lang.String, java.lang.String, java.lang.String, java.lang.String, java.lang.String, java.lang.String, java.lang.String, java.lang.String, java.lang.String, java.lang.String, java.lang.String)[pri:0, instance:org.hotel.Hotel@343f4d3d]" name="test" duration-ms="8968" started-at="2021-03-23T18:06:17Z" data-provider="book" finished-at="2021-03-23T18:06:26Z">
          <params>
            <param index="0">
              <value>
                <![CDATA[123sample123]]>
              </value>
            </param>
            <param index="1">
              <value>
                <![CDATA[1234567890]]>
              </value>
            </param>
            <param index="2">
              <value>
                <![CDATA[Sydney]]>
              </value>
            </param>
            <param index="3">
              <value>
                <![CDATA[Hotel Creek]]>
              </value>
            </param>
            <param index="4">
              <value>
                <![CDATA[Standard]]>
              </value>
            </param>
            <param index="5">
              <value>
                <![CDATA[1]]>
              </value>
            </param>
            <param index="6">
              <value>
                <![CDATA[14/04/2022]]>
              </value>
            </param>
            <param index="7">
              <value>
                <![CDATA[16/04/2022]]>
              </value>
            </param>
            <param index="8">
              <value>
                <![CDATA[1]]>
              </value>
            </param>
            <param index="9">
              <value>
                <![CDATA[0]]>
              </value>
            </param>
            <param index="10">
              <value>
                <![CDATA[sample]]>
              </value>
            </param>
            <param index="11">
              <value>
                <![CDATA[value]]>
              </value>
            </param>
            <param index="12">
              <value>
                <![CDATA[qwertyffgh]]>
              </value>
            </param>
            <param index="13">
              <value>
                <![CDATA[1234567890123450]]>
              </value>
            </param>
            <param index="14">
              <value>
                <![CDATA[AMEX]]>
              </value>
            </param>
            <param index="15">
              <value>
                <![CDATA[5]]>
              </value>
            </param>
            <param index="16">
              <value>
                <![CDATA[2022]]>
              </value>
            </param>
            <param index="17">
              <value>
                <![CDATA[123]]>
              </value>
            </param>
          </params>
          <reporter-output>
          </reporter-output>
        </test-method> <!-- test -->
        <test-method status="PASS" signature="quit()[pri:0, instance:org.hotel.Hotel@343f4d3d]" name="quit" is-config="true" duration-ms="9590" started-at="2021-03-23T18:06:26Z" finished-at="2021-03-23T18:06:36Z">
          <reporter-output>
          </reporter-output>
        </test-method> <!-- quit -->
      </class> <!-- org.hotel.Hotel -->
    </test> <!-- Default test -->
  </suite> <!-- Default suite -->
</testng-results>
